2021-09-24 22:09:57.344  INFO 20420 --- [main] com.example.actuator.Application         : Starting Application on DESKTOP-FGTQI9C with PID 20420 (D:\ideaworkspace\java\springboot\actuator_admin\01-actuator\target\classes started by zengjin in D:\ideaworkspace\java\springboot\actuator_admin)
2021-09-24 22:09:57.348  INFO 20420 --- [main] com.example.actuator.Application         : No active profile set, falling back to default profiles: default
2021-09-24 22:10:00.362  INFO 20420 --- [main] o.s.b.w.embedded.tomcat.TomcatWebServer  : Tomcat initialized with port(s): 8081 (http)
2021-09-24 22:10:00.375  INFO 20420 --- [main] o.apache.catalina.core.StandardService   : Starting service [Tomcat]
2021-09-24 22:10:00.375  INFO 20420 --- [main] org.apache.catalina.core.StandardEngine  : Starting Servlet engine: [Apache Tomcat/9.0.46]
2021-09-24 22:10:00.377  INFO 20420 --- [main] o.a.catalina.core.AprLifecycleListener   : An older version [1.2.16] of the Apache Tomcat Native library is installed, while Tomcat recommends a minimum version of [1.2.23]
2021-09-24 22:10:00.377  INFO 20420 --- [main] o.a.catalina.core.AprLifecycleListener   : Loaded Apache Tomcat Native library [1.2.16] using APR version [1.6.3].
2021-09-24 22:10:00.377  INFO 20420 --- [main] o.a.catalina.core.AprLifecycleListener   : APR capabilities: IPv6 [true], sendfile [true], accept filters [false], random [true].
2021-09-24 22:10:00.378  INFO 20420 --- [main] o.a.catalina.core.AprLifecycleListener   : APR/OpenSSL configuration: useAprConnector [false], useOpenSSL [true]
2021-09-24 22:10:01.578  INFO 20420 --- [main] o.a.catalina.core.AprLifecycleListener   : OpenSSL successfully initialized [OpenSSL 1.0.2m  2 Nov 2017]
2021-09-24 22:10:02.007  INFO 20420 --- [main] o.a.c.c.C.[Tomcat].[localhost].[/]       : Initializing Spring embedded WebApplicationContext
2021-09-24 22:10:02.007  INFO 20420 --- [main] w.s.c.ServletWebServerApplicationContext : Root WebApplicationContext: initialization completed in 4569 ms
2021-09-24 22:10:02.629  INFO 20420 --- [main] o.s.s.concurrent.ThreadPoolTaskExecutor  : Initializing ExecutorService 'applicationTaskExecutor'
2021-09-24 22:10:03.456  INFO 20420 --- [main] o.s.b.a.e.web.EndpointLinksResolver      : Exposing 15 endpoint(s) beneath base path '/xushu'
2021-09-24 22:10:03.571  INFO 20420 --- [main] o.s.b.w.embedded.tomcat.TomcatWebServer  : Tomcat started on port(s): 8081 (http) with context path ''
2021-09-24 22:10:03.598  INFO 20420 --- [main] com.example.actuator.Application         : Started Application in 6.937 seconds (JVM running for 9.505)
2021-09-24 22:10:04.715  INFO 20420 --- [RMI TCP Connection(7)-192.168.65.106] o.a.c.c.C.[Tomcat].[localhost].[/]       : Initializing Spring DispatcherServlet 'dispatcherServlet'
2021-09-24 22:10:04.715  INFO 20420 --- [RMI TCP Connection(7)-192.168.65.106] o.s.web.servlet.DispatcherServlet        : Initializing Servlet 'dispatcherServlet'
2021-09-24 22:10:04.722  INFO 20420 --- [RMI TCP Connection(7)-192.168.65.106] o.s.web.servlet.DispatcherServlet        : Completed initialization in 7 ms
2021-09-24 22:13:47.256  INFO 20420 --- [SpringContextShutdownHook] o.s.s.concurrent.ThreadPoolTaskExecutor  : Shutting down ExecutorService 'applicationTaskExecutor'
